[2025-06-30 16:27:11,898] INFO [Controller id=0 epoch=2] Sending UpdateMetadata request to brokers HashSet(0) for 0 partitions (state.change.logger)
[2025-06-30 16:27:11,912] INFO [Controller id=0 epoch=2] Sending LeaderAndIsr request to broker 0 with 51 become-leader and 0 become-follower partitions (state.change.logger)
[2025-06-30 16:27:11,914] INFO [Controller id=0 epoch=2] Sending UpdateMetadata request to brokers HashSet(0) for 51 partitions (state.change.logger)
[2025-06-30 16:27:11,934] INFO [Broker id=0] Handling LeaderAndIsr request correlationId 1 from controller 0 for 51 partitions (state.change.logger)
[2025-06-30 16:27:11,946] INFO [Broker id=0] Stopped fetchers as part of LeaderAndIsr request correlationId 1 from controller 0 epoch 2 as part of the become-leader transition for 51 partitions (state.change.logger)
[2025-06-30 16:27:11,949] INFO [Broker id=0] Leader __consumer_offsets-3 with topic id Some(HU1s6JeGQNCoZFPZUAIDsQ) starts at leader epoch 0 from offset 0 with partition epoch 0, high watermark 0, ISR [0], adding replicas [] and removing replicas []. Previous leader epoch was -1. (state.change.logger)
[2025-06-30 16:27:11,953] INFO [Broker id=0] Leader __consumer_offsets-18 with topic id Some(HU1s6JeGQNCoZFPZUAIDsQ) starts at leader epoch 0 from offset 0 with partition epoch 0, high watermark 0, ISR [0], adding replicas [] and removing replicas []. Previous leader epoch was -1. (state.change.logger)
[2025-06-30 16:27:11,955] INFO [Broker id=0] Leader __consumer_offsets-41 with topic id Some(HU1s6JeGQNCoZFPZUAIDsQ) starts at leader epoch 0 from offset 0 with partition epoch 0, high watermark 0, ISR [0], adding replicas [] and removing replicas []. Previous leader epoch was -1. (state.change.logger)
[2025-06-30 16:27:11,959] INFO [Broker id=0] Leader __consumer_offsets-10 with topic id Some(HU1s6JeGQNCoZFPZUAIDsQ) starts at leader epoch 0 from offset 0 with partition epoch 0, high watermark 0, ISR [0], adding replicas [] and removing replicas []. Previous leader epoch was -1. (state.change.logger)
[2025-06-30 16:27:11,963] INFO [Broker id=0] Leader __consumer_offsets-33 with topic id Some(HU1s6JeGQNCoZFPZUAIDsQ) starts at leader epoch 0 from offset 0 with partition epoch 0, high watermark 0, ISR [0], adding replicas [] and removing replicas []. Previous leader epoch was -1. (state.change.logger)
[2025-06-30 16:27:11,967] INFO [Broker id=0] Leader __consumer_offsets-48 with topic id Some(HU1s6JeGQNCoZFPZUAIDsQ) starts at leader epoch 0 from offset 0 with partition epoch 0, high watermark 0, ISR [0], adding replicas [] and removing replicas []. Previous leader epoch was -1. (state.change.logger)
[2025-06-30 16:27:11,971] INFO [Broker id=0] Leader __consumer_offsets-19 with topic id Some(HU1s6JeGQNCoZFPZUAIDsQ) starts at leader epoch 0 from offset 0 with partition epoch 0, high watermark 0, ISR [0], adding replicas [] and removing replicas []. Previous leader epoch was -1. (state.change.logger)
[2025-06-30 16:27:11,973] INFO [Broker id=0] Leader __consumer_offsets-34 with topic id Some(HU1s6JeGQNCoZFPZUAIDsQ) starts at leader epoch 0 from offset 0 with partition epoch 0, high watermark 0, ISR [0], adding replicas [] and removing replicas []. Previous leader epoch was -1. (state.change.logger)
[2025-06-30 16:27:11,977] INFO [Broker id=0] Leader __consumer_offsets-4 with topic id Some(HU1s6JeGQNCoZFPZUAIDsQ) starts at leader epoch 0 from offset 0 with partition epoch 0, high watermark 0, ISR [0], adding replicas [] and removing replicas []. Previous leader epoch was -1. (state.change.logger)
[2025-06-30 16:27:11,979] INFO [Broker id=0] Leader __consumer_offsets-11 with topic id Some(HU1s6JeGQNCoZFPZUAIDsQ) starts at leader epoch 0 from offset 0 with partition epoch 0, high watermark 0, ISR [0], adding replicas [] and removing replicas []. Previous leader epoch was -1. (state.change.logger)
[2025-06-30 16:27:11,984] INFO [Broker id=0] Leader __consumer_offsets-26 with topic id Some(HU1s6JeGQNCoZFPZUAIDsQ) starts at leader epoch 0 from offset 0 with partition epoch 0, high watermark 0, ISR [0], adding replicas [] and removing replicas []. Previous leader epoch was -1. (state.change.logger)
[2025-06-30 16:27:11,986] INFO [Broker id=0] Leader __consumer_offsets-49 with topic id Some(HU1s6JeGQNCoZFPZUAIDsQ) starts at leader epoch 0 from offset 0 with partition epoch 0, high watermark 0, ISR [0], adding replicas [] and removing replicas []. Previous leader epoch was -1. (state.change.logger)
[2025-06-30 16:27:11,990] INFO [Broker id=0] Leader __consumer_offsets-39 with topic id Some(HU1s6JeGQNCoZFPZUAIDsQ) starts at leader epoch 0 from offset 0 with partition epoch 0, high watermark 0, ISR [0], adding replicas [] and removing replicas []. Previous leader epoch was -1. (state.change.logger)
[2025-06-30 16:27:11,994] INFO [Broker id=0] Leader __consumer_offsets-9 with topic id Some(HU1s6JeGQNCoZFPZUAIDsQ) starts at leader epoch 0 from offset 0 with partition epoch 0, high watermark 0, ISR [0], adding replicas [] and removing replicas []. Previous leader epoch was -1. (state.change.logger)
[2025-06-30 16:27:11,998] INFO [Broker id=0] Leader __consumer_offsets-24 with topic id Some(HU1s6JeGQNCoZFPZUAIDsQ) starts at leader epoch 0 from offset 2 with partition epoch 0, high watermark 2, ISR [0], adding replicas [] and removing replicas []. Previous leader epoch was -1. (state.change.logger)
[2025-06-30 16:27:11,998] INFO [Broker id=0] Leader __consumer_offsets-31 with topic id Some(HU1s6JeGQNCoZFPZUAIDsQ) starts at leader epoch 0 from offset 0 with partition epoch 0, high watermark 0, ISR [0], adding replicas [] and removing replicas []. Previous leader epoch was -1. (state.change.logger)
[2025-06-30 16:27:12,002] INFO [Broker id=0] Leader __consumer_offsets-46 with topic id Some(HU1s6JeGQNCoZFPZUAIDsQ) starts at leader epoch 0 from offset 0 with partition epoch 0, high watermark 0, ISR [0], adding replicas [] and removing replicas []. Previous leader epoch was -1. (state.change.logger)
[2025-06-30 16:27:12,006] INFO [Broker id=0] Leader __consumer_offsets-1 with topic id Some(HU1s6JeGQNCoZFPZUAIDsQ) starts at leader epoch 0 from offset 0 with partition epoch 0, high watermark 0, ISR [0], adding replicas [] and removing replicas []. Previous leader epoch was -1. (state.change.logger)
[2025-06-30 16:27:12,010] INFO [Broker id=0] Leader __consumer_offsets-16 with topic id Some(HU1s6JeGQNCoZFPZUAIDsQ) starts at leader epoch 0 from offset 0 with partition epoch 0, high watermark 0, ISR [0], adding replicas [] and removing replicas []. Previous leader epoch was -1. (state.change.logger)
[2025-06-30 16:27:12,014] INFO [Broker id=0] Leader __consumer_offsets-2 with topic id Some(HU1s6JeGQNCoZFPZUAIDsQ) starts at leader epoch 0 from offset 0 with partition epoch 0, high watermark 0, ISR [0], adding replicas [] and removing replicas []. Previous leader epoch was -1. (state.change.logger)
[2025-06-30 16:27:12,018] INFO [Broker id=0] Leader __consumer_offsets-25 with topic id Some(HU1s6JeGQNCoZFPZUAIDsQ) starts at leader epoch 0 from offset 0 with partition epoch 0, high watermark 0, ISR [0], adding replicas [] and removing replicas []. Previous leader epoch was -1. (state.change.logger)
[2025-06-30 16:27:12,021] INFO [Broker id=0] Leader __consumer_offsets-40 with topic id Some(HU1s6JeGQNCoZFPZUAIDsQ) starts at leader epoch 0 from offset 0 with partition epoch 0, high watermark 0, ISR [0], adding replicas [] and removing replicas []. Previous leader epoch was -1. (state.change.logger)
[2025-06-30 16:27:12,025] INFO [Broker id=0] Leader __consumer_offsets-47 with topic id Some(HU1s6JeGQNCoZFPZUAIDsQ) starts at leader epoch 0 from offset 0 with partition epoch 0, high watermark 0, ISR [0], adding replicas [] and removing replicas []. Previous leader epoch was -1. (state.change.logger)
[2025-06-30 16:27:12,027] INFO [Broker id=0] Leader __consumer_offsets-17 with topic id Some(HU1s6JeGQNCoZFPZUAIDsQ) starts at leader epoch 0 from offset 0 with partition epoch 0, high watermark 0, ISR [0], adding replicas [] and removing replicas []. Previous leader epoch was -1. (state.change.logger)
[2025-06-30 16:27:12,031] INFO [Broker id=0] Leader __consumer_offsets-32 with topic id Some(HU1s6JeGQNCoZFPZUAIDsQ) starts at leader epoch 0 from offset 0 with partition epoch 0, high watermark 0, ISR [0], adding replicas [] and removing replicas []. Previous leader epoch was -1. (state.change.logger)
[2025-06-30 16:27:12,033] INFO [Broker id=0] Leader __consumer_offsets-37 with topic id Some(HU1s6JeGQNCoZFPZUAIDsQ) starts at leader epoch 0 from offset 0 with partition epoch 0, high watermark 0, ISR [0], adding replicas [] and removing replicas []. Previous leader epoch was -1. (state.change.logger)
[2025-06-30 16:27:12,037] INFO [Broker id=0] Leader __consumer_offsets-7 with topic id Some(HU1s6JeGQNCoZFPZUAIDsQ) starts at leader epoch 0 from offset 0 with partition epoch 0, high watermark 0, ISR [0], adding replicas [] and removing replicas []. Previous leader epoch was -1. (state.change.logger)
[2025-06-30 16:27:12,041] INFO [Broker id=0] Leader __consumer_offsets-22 with topic id Some(HU1s6JeGQNCoZFPZUAIDsQ) starts at leader epoch 0 from offset 0 with partition epoch 0, high watermark 0, ISR [0], adding replicas [] and removing replicas []. Previous leader epoch was -1. (state.change.logger)
[2025-06-30 16:27:12,049] INFO [Broker id=0] Leader __consumer_offsets-29 with topic id Some(HU1s6JeGQNCoZFPZUAIDsQ) starts at leader epoch 0 from offset 0 with partition epoch 0, high watermark 0, ISR [0], adding replicas [] and removing replicas []. Previous leader epoch was -1. (state.change.logger)
[2025-06-30 16:27:12,053] INFO [Broker id=0] Leader __consumer_offsets-44 with topic id Some(HU1s6JeGQNCoZFPZUAIDsQ) starts at leader epoch 0 from offset 0 with partition epoch 0, high watermark 0, ISR [0], adding replicas [] and removing replicas []. Previous leader epoch was -1. (state.change.logger)
[2025-06-30 16:27:12,056] INFO [Broker id=0] Leader __consumer_offsets-14 with topic id Some(HU1s6JeGQNCoZFPZUAIDsQ) starts at leader epoch 0 from offset 0 with partition epoch 0, high watermark 0, ISR [0], adding replicas [] and removing replicas []. Previous leader epoch was -1. (state.change.logger)
[2025-06-30 16:27:12,060] INFO [Broker id=0] Leader __consumer_offsets-23 with topic id Some(HU1s6JeGQNCoZFPZUAIDsQ) starts at leader epoch 0 from offset 0 with partition epoch 0, high watermark 0, ISR [0], adding replicas [] and removing replicas []. Previous leader epoch was -1. (state.change.logger)
[2025-06-30 16:27:12,062] INFO [Broker id=0] Leader __consumer_offsets-38 with topic id Some(HU1s6JeGQNCoZFPZUAIDsQ) starts at leader epoch 0 from offset 0 with partition epoch 0, high watermark 0, ISR [0], adding replicas [] and removing replicas []. Previous leader epoch was -1. (state.change.logger)
[2025-06-30 16:27:12,067] INFO [Broker id=0] Leader __consumer_offsets-8 with topic id Some(HU1s6JeGQNCoZFPZUAIDsQ) starts at leader epoch 0 from offset 0 with partition epoch 0, high watermark 0, ISR [0], adding replicas [] and removing replicas []. Previous leader epoch was -1. (state.change.logger)
[2025-06-30 16:27:12,069] INFO [Broker id=0] Leader __consumer_offsets-45 with topic id Some(HU1s6JeGQNCoZFPZUAIDsQ) starts at leader epoch 0 from offset 0 with partition epoch 0, high watermark 0, ISR [0], adding replicas [] and removing replicas []. Previous leader epoch was -1. (state.change.logger)
[2025-06-30 16:27:12,074] INFO [Broker id=0] Leader __consumer_offsets-15 with topic id Some(HU1s6JeGQNCoZFPZUAIDsQ) starts at leader epoch 0 from offset 0 with partition epoch 0, high watermark 0, ISR [0], adding replicas [] and removing replicas []. Previous leader epoch was -1. (state.change.logger)
[2025-06-30 16:27:12,078] INFO [Broker id=0] Leader __consumer_offsets-30 with topic id Some(HU1s6JeGQNCoZFPZUAIDsQ) starts at leader epoch 0 from offset 0 with partition epoch 0, high watermark 0, ISR [0], adding replicas [] and removing replicas []. Previous leader epoch was -1. (state.change.logger)
[2025-06-30 16:27:12,083] INFO [Broker id=0] Leader __consumer_offsets-0 with topic id Some(HU1s6JeGQNCoZFPZUAIDsQ) starts at leader epoch 0 from offset 0 with partition epoch 0, high watermark 0, ISR [0], adding replicas [] and removing replicas []. Previous leader epoch was -1. (state.change.logger)
[2025-06-30 16:27:12,090] INFO [Broker id=0] Leader __consumer_offsets-35 with topic id Some(HU1s6JeGQNCoZFPZUAIDsQ) starts at leader epoch 0 from offset 0 with partition epoch 0, high watermark 0, ISR [0], adding replicas [] and removing replicas []. Previous leader epoch was -1. (state.change.logger)
[2025-06-30 16:27:12,094] INFO [Broker id=0] Leader __consumer_offsets-5 with topic id Some(HU1s6JeGQNCoZFPZUAIDsQ) starts at leader epoch 0 from offset 0 with partition epoch 0, high watermark 0, ISR [0], adding replicas [] and removing replicas []. Previous leader epoch was -1. (state.change.logger)
[2025-06-30 16:27:12,098] INFO [Broker id=0] Leader __consumer_offsets-20 with topic id Some(HU1s6JeGQNCoZFPZUAIDsQ) starts at leader epoch 0 from offset 0 with partition epoch 0, high watermark 0, ISR [0], adding replicas [] and removing replicas []. Previous leader epoch was -1. (state.change.logger)
[2025-06-30 16:27:12,104] INFO [Broker id=0] Leader __consumer_offsets-27 with topic id Some(HU1s6JeGQNCoZFPZUAIDsQ) starts at leader epoch 0 from offset 0 with partition epoch 0, high watermark 0, ISR [0], adding replicas [] and removing replicas []. Previous leader epoch was -1. (state.change.logger)
[2025-06-30 16:27:12,108] INFO [Broker id=0] Leader __consumer_offsets-42 with topic id Some(HU1s6JeGQNCoZFPZUAIDsQ) starts at leader epoch 0 from offset 0 with partition epoch 0, high watermark 0, ISR [0], adding replicas [] and removing replicas []. Previous leader epoch was -1. (state.change.logger)
[2025-06-30 16:27:12,111] INFO [Broker id=0] Leader __consumer_offsets-12 with topic id Some(HU1s6JeGQNCoZFPZUAIDsQ) starts at leader epoch 0 from offset 0 with partition epoch 0, high watermark 0, ISR [0], adding replicas [] and removing replicas []. Previous leader epoch was -1. (state.change.logger)
[2025-06-30 16:27:12,115] INFO [Broker id=0] Leader __consumer_offsets-21 with topic id Some(HU1s6JeGQNCoZFPZUAIDsQ) starts at leader epoch 0 from offset 0 with partition epoch 0, high watermark 0, ISR [0], adding replicas [] and removing replicas []. Previous leader epoch was -1. (state.change.logger)
[2025-06-30 16:27:12,120] INFO [Broker id=0] Leader test-topic-0 with topic id Some(Z_R8WxC4S42r-eJ21SNQTA) starts at leader epoch 0 from offset 4 with partition epoch 0, high watermark 4, ISR [0], adding replicas [] and removing replicas []. Previous leader epoch was -1. (state.change.logger)
[2025-06-30 16:27:12,120] INFO [Broker id=0] Leader __consumer_offsets-36 with topic id Some(HU1s6JeGQNCoZFPZUAIDsQ) starts at leader epoch 0 from offset 0 with partition epoch 0, high watermark 0, ISR [0], adding replicas [] and removing replicas []. Previous leader epoch was -1. (state.change.logger)
[2025-06-30 16:27:12,124] INFO [Broker id=0] Leader __consumer_offsets-6 with topic id Some(HU1s6JeGQNCoZFPZUAIDsQ) starts at leader epoch 0 from offset 0 with partition epoch 0, high watermark 0, ISR [0], adding replicas [] and removing replicas []. Previous leader epoch was -1. (state.change.logger)
[2025-06-30 16:27:12,128] INFO [Broker id=0] Leader __consumer_offsets-43 with topic id Some(HU1s6JeGQNCoZFPZUAIDsQ) starts at leader epoch 0 from offset 0 with partition epoch 0, high watermark 0, ISR [0], adding replicas [] and removing replicas []. Previous leader epoch was -1. (state.change.logger)
[2025-06-30 16:27:12,130] INFO [Broker id=0] Leader __consumer_offsets-13 with topic id Some(HU1s6JeGQNCoZFPZUAIDsQ) starts at leader epoch 0 from offset 0 with partition epoch 0, high watermark 0, ISR [0], adding replicas [] and removing replicas []. Previous leader epoch was -1. (state.change.logger)
[2025-06-30 16:27:12,135] INFO [Broker id=0] Leader __consumer_offsets-28 with topic id Some(HU1s6JeGQNCoZFPZUAIDsQ) starts at leader epoch 0 from offset 0 with partition epoch 0, high watermark 0, ISR [0], adding replicas [] and removing replicas []. Previous leader epoch was -1. (state.change.logger)
[2025-06-30 16:27:12,152] INFO [Broker id=0] Finished LeaderAndIsr request in 219ms correlationId 1 from controller 0 for 51 partitions (state.change.logger)
[2025-06-30 16:27:12,156] INFO [Broker id=0] Add 51 partitions and deleted 0 partitions from metadata cache in response to UpdateMetadata request sent by controller 0 epoch 2 with correlation id 2 (state.change.logger)
[2025-06-30 16:27:48,158] INFO [Controller id=0 epoch=2] Changed partition orders-0 state from NonExistentPartition to NewPartition with assigned replicas 0 (state.change.logger)
[2025-06-30 16:27:48,159] INFO [Controller id=0 epoch=2] Sending UpdateMetadata request to brokers HashSet() for 0 partitions (state.change.logger)
[2025-06-30 16:27:48,159] INFO [Controller id=0 epoch=2] Sending UpdateMetadata request to brokers HashSet() for 0 partitions (state.change.logger)
[2025-06-30 16:27:48,170] INFO [Controller id=0 epoch=2] Changed partition orders-0 from NewPartition to OnlinePartition with state LeaderAndIsr(leader=0, leaderEpoch=0, isr=List(0), leaderRecoveryState=RECOVERED, partitionEpoch=0) (state.change.logger)
[2025-06-30 16:27:48,170] INFO [Controller id=0 epoch=2] Sending LeaderAndIsr request to broker 0 with 1 become-leader and 0 become-follower partitions (state.change.logger)
[2025-06-30 16:27:48,170] INFO [Controller id=0 epoch=2] Sending UpdateMetadata request to brokers HashSet(0) for 1 partitions (state.change.logger)
[2025-06-30 16:27:48,171] INFO [Controller id=0 epoch=2] Sending UpdateMetadata request to brokers HashSet() for 0 partitions (state.change.logger)
[2025-06-30 16:27:48,171] INFO [Broker id=0] Handling LeaderAndIsr request correlationId 3 from controller 0 for 1 partitions (state.change.logger)
[2025-06-30 16:27:48,171] INFO [Broker id=0] Stopped fetchers as part of LeaderAndIsr request correlationId 3 from controller 0 epoch 2 as part of the become-leader transition for 1 partitions (state.change.logger)
[2025-06-30 16:27:48,177] INFO [Broker id=0] Leader orders-0 with topic id Some(aUrEyOGOQLuMqAUhfFGCSA) starts at leader epoch 0 from offset 0 with partition epoch 0, high watermark 0, ISR [0], adding replicas [] and removing replicas []. Previous leader epoch was -1. (state.change.logger)
[2025-06-30 16:27:48,184] INFO [Broker id=0] Finished LeaderAndIsr request in 13ms correlationId 3 from controller 0 for 1 partitions (state.change.logger)
[2025-06-30 16:27:48,185] INFO [Broker id=0] Add 1 partitions and deleted 0 partitions from metadata cache in response to UpdateMetadata request sent by controller 0 epoch 2 with correlation id 4 (state.change.logger)
[2025-06-30 16:41:49,519] INFO [Controller id=0 epoch=2] Sending UpdateMetadata request to brokers HashSet() for 0 partitions (state.change.logger)
